{"level":"info","message":"Post was created!"}
{"level":"info","message":"Post was created!"}
{"level":"info","message":"Chat was created"}
{"level":"info","message":"Message was created"}
{"level":"info","message":"Post was created!"}
{"level":"info","message":"Post was created!"}
{"level":"info","message":"Post was created!"}
{"level":"info","message":"Post was created!"}
{"level":"info","message":"Post was created!"}
{"level":"info","message":"Post was created!"}
{"level":"info","message":"Post was created!"}
{"level":"info","message":"Post was created!"}
{"level":"info","message":"Post was created!"}
{"level":"info","message":"Post was created!"}
{"level":"info","message":"Post was created!"}
{"level":"info","message":"Message was created"}
{"level":"info","message":"Message was created"}
{"level":"info","message":"Message was created"}
{"level":"info","message":"Post was created!"}
{"level":"info","message":"Message was created"}
{"level":"info","message":"Message was created"}
{"level":"info","message":"Post was created!"}
{"level":"info","message":"Post was created!"}
{"level":"info","message":"Post was created!"}
{"level":"info","message":"Post was created!"}
{"level":"info","message":"Post was created!"}
{"level":"info","message":"Post was created!"}
{"level":"info","message":"Post was created!"}
{"level":"info","message":"Message was created"}
{"level":"info","message":"Post was created!"}
{"level":"info","message":"Post 27 was updated"}
{"level":"info","message":"Post 27 was updated"}
{"level":"info","message":"Post 26 was updated"}
{"level":"info","message":"Post 27 was updated"}
{"level":"info","message":"Post 27 was updated"}
{"level":"info","message":"Post 26 was updated"}
{"level":"info","message":"Post 27 was deleted"}
{"level":"info","message":"Post 26 was deleted"}
{"level":"info","message":"Post 25 was deleted"}
{"level":"info","message":"Post 24 was deleted"}
{"level":"info","message":"Post 23 was deleted"}
{"level":"info","message":"Post was created!"}
{"level":"info","message":"Post was created!"}
{"level":"info","message":"Post was created!"}
{"level":"info","message":"Post 30 was deleted"}
{"level":"info","message":"Post 29 was deleted"}
{"level":"info","message":"Post 28 was deleted"}
{"level":"info","message":"Post was created!"}
{"level":"info","message":"Post 31 was deleted"}
{"level":"info","message":"Post 22 was deleted"}
{"level":"info","message":"Post 20 was deleted"}
{"level":"info","message":"Post 21 was deleted"}
{"level":"info","message":"Post 19 was deleted"}
{"level":"info","message":"Post was created!"}
{"level":"info","message":"Post 32 was deleted"}
{"level":"info","message":"Post 18 was deleted"}
{"level":"info","message":"Post 17 was deleted"}
{"level":"info","message":"Post was created!"}
{"level":"info","message":"Post 33 was deleted"}
{"level":"info","message":"Post 16 was deleted"}
{"level":"info","message":"Post 15 was deleted"}
{"level":"info","message":"Post was created!"}
{"level":"info","message":"Users were searched"}
{"level":"info","message":"Users were searched"}
{"level":"info","message":"Users were searched"}
{"level":"info","message":"Post was created!"}
{"level":"info","message":"Post 35 was deleted"}
{"level":"info","message":"Post was created!"}
{"level":"info","message":"User logging in"}
{"level":"info","message":"User logging in"}
{"level":"info","message":"User logging in"}
{"level":"info","message":"User logging in"}
{"level":"info","message":"User logging in"}
{"level":"info","message":"User logging in"}
{"level":"info","message":"User logging in"}
{"level":"info","message":"User logging in"}
{"level":"info","message":"User logging in"}
{"level":"info","message":"User logging in"}
{"level":"info","message":"User logging in"}
{"level":"info","message":"User logging in"}
{"level":"info","message":"User logging in"}
{"level":"info","message":"Post 14 was updated"}
{"level":"info","message":"User logging in"}
{"level":"info","message":"User logging in"}
{"level":"info","message":"Post was created!"}
{"level":"info","message":"User logging in"}
